<?xml version="1.0" encoding="UTF-8"?>
<testng-results ignored="0" total="2" passed="2" failed="0" skipped="0">
  <reporter-output>
  </reporter-output>
  <suite started-at="2023-01-09T13:36:24Z" name="Default suite" finished-at="2023-01-09T13:38:23Z" duration-ms="119129">
    <groups>
    </groups>
    <test started-at="2023-01-09T13:36:24Z" name="Default test" finished-at="2023-01-09T13:38:23Z" duration-ms="119129">
      <class name="com.app.tests.AppTests">
        <test-method is-config="true" signature="launchBrowser()[pri:0, instance:com.app.tests.AppTests@16eccb2e]" started-at="2023-01-09T19:06:24Z" name="launchBrowser" finished-at="2023-01-09T19:06:33Z" duration-ms="9408" status="PASS">
          <reporter-output>
          </reporter-output>
        </test-method> <!-- launchBrowser -->
        <test-method signature="Scenario4()[pri:0, instance:com.app.tests.AppTests@16eccb2e]" started-at="2023-01-09T19:06:33Z" name="Scenario4" finished-at="2023-01-09T19:07:29Z" duration-ms="55547" status="PASS">
          <reporter-output>
          </reporter-output>
        </test-method> <!-- Scenario4 -->
        <test-method is-config="true" signature="launchBrowser()[pri:0, instance:com.app.tests.AppTests@16eccb2e]" started-at="2023-01-09T19:07:29Z" name="launchBrowser" finished-at="2023-01-09T19:07:37Z" duration-ms="8835" status="PASS">
          <reporter-output>
          </reporter-output>
        </test-method> <!-- launchBrowser -->
        <test-method signature="Scenario5()[pri:0, instance:com.app.tests.AppTests@16eccb2e]" started-at="2023-01-09T19:07:37Z" name="Scenario5" finished-at="2023-01-09T19:08:23Z" duration-ms="45322" status="PASS">
          <reporter-output>
          </reporter-output>
        </test-method> <!-- Scenario5 -->
      </class> <!-- com.app.tests.AppTests -->
    </test> <!-- Default test -->
  </suite> <!-- Default suite -->
</testng-results>
